<?xml version="1.0" encoding="UTF-8"?>
<!-- Generated by org.testng.reporters.JUnitReportReporter -->
<testsuite skipped="0" hostname="Leopar" name="com.sony.test.runner.TestRunner" tests="10" failures="0" timestamp="28 Feb 2018 10:44:51 GMT" time="154.847" errors="1">
  <testcase name="runScenario" time="12.494" classname="com.sony.test.runner.TestRunner"/>
  <testcase name="runScenario" time="18.991" classname="com.sony.test.runner.TestRunner"/>
  <testcase name="runScenario" time="4.586" classname="com.sony.test.runner.TestRunner"/>
  <testcase name="runScenario" time="14.898" classname="com.sony.test.runner.TestRunner"/>
  <testcase name="runScenario" time="7.036" classname="com.sony.test.runner.TestRunner"/>
  <testcase name="runScenario" time="23.014" classname="com.sony.test.runner.TestRunner"/>
  <testcase name="runScenario" time="8.174" classname="com.sony.test.runner.TestRunner"/>
  <testcase name="runScenario" time="6.609" classname="com.sony.test.runner.TestRunner"/>
  <testcase name="runScenario" time="46.191" classname="com.sony.test.runner.TestRunner">
    <error type="org.openqa.selenium.WebDriverException" message="unknown error: Element &lt;span class=&quot;label label-close fi fonticon-10-circle-x--after&quot;&gt;...&lt;/span&gt; is not clickable at point (1141, 304). Other element would receive the click: &lt;div class=&quot;acsModalBackdrop acsAbandonButton&quot; data-isbackdrop=&quot;true&quot;&gt;...&lt;/div&gt;
  (Session info: chrome=64.0.3282.186)
  (Driver info: chromedriver=2.35.528161 (5b82f2d2aae0ca24b877009200ced9065a772e73),platform=Windows NT 6.3.9600 x86_64) (WARNING: The server did not provide any stacktrace information)
Command duration or timeout: 0 milliseconds
Build info: version: &#039;3.9.1&#039;, revision: &#039;63f7b50&#039;, time: &#039;2018-02-07T22:25:02.294Z&#039;
System info: host: &#039;LEOPAR&#039;, ip: &#039;192.168.1.246&#039;, os.name: &#039;Windows Server 2012 R2&#039;, os.arch: &#039;amd64&#039;, os.version: &#039;6.3&#039;, java.version: &#039;1.8.0_141&#039;
Driver info: org.openqa.selenium.chrome.ChromeDriver
Capabilities {acceptInsecureCerts: false, acceptSslCerts: false, applicationCacheEnabled: false, browserConnectionEnabled: false, browserName: chrome, chrome: {chromedriverVersion: 2.35.528161 (5b82f2d2aae0ca..., userDataDir: C:\Users\JMETER\AppData\Loc...}, cssSelectorsEnabled: true, databaseEnabled: false, handlesAlerts: true, hasTouchScreen: false, javascriptEnabled: true, locationContextEnabled: true, mobileEmulationEnabled: false, nativeEvents: true, networkConnectionEnabled: false, pageLoadStrategy: normal, platform: XP, platformName: XP, rotatable: false, setWindowRect: true, takesHeapSnapshot: true, takesScreenshot: true, unexpectedAlertBehaviour: , unhandledPromptBehavior: , version: 64.0.3282.186, webStorageEnabled: true}
Session ID: ae4a1167311873e3427f2414ec767089">
      <![CDATA[org.openqa.selenium.WebDriverException: unknown error: Element <span class="label label-close fi fonticon-10-circle-x--after">...</span> is not clickable at point (1141, 304). Other element would receive the click: <div class="acsModalBackdrop acsAbandonButton" data-isbackdrop="true">...</div>
  (Session info: chrome=64.0.3282.186)
  (Driver info: chromedriver=2.35.528161 (5b82f2d2aae0ca24b877009200ced9065a772e73),platform=Windows NT 6.3.9600 x86_64) (WARNING: The server did not provide any stacktrace information)
Command duration or timeout: 0 milliseconds
Build info: version: '3.9.1', revision: '63f7b50', time: '2018-02-07T22:25:02.294Z'
System info: host: 'LEOPAR', ip: '192.168.1.246', os.name: 'Windows Server 2012 R2', os.arch: 'amd64', os.version: '6.3', java.version: '1.8.0_141'
Driver info: org.openqa.selenium.chrome.ChromeDriver
Capabilities {acceptInsecureCerts: false, acceptSslCerts: false, applicationCacheEnabled: false, browserConnectionEnabled: false, browserName: chrome, chrome: {chromedriverVersion: 2.35.528161 (5b82f2d2aae0ca..., userDataDir: C:\Users\JMETER\AppData\Loc...}, cssSelectorsEnabled: true, databaseEnabled: false, handlesAlerts: true, hasTouchScreen: false, javascriptEnabled: true, locationContextEnabled: true, mobileEmulationEnabled: false, nativeEvents: true, networkConnectionEnabled: false, pageLoadStrategy: normal, platform: XP, platformName: XP, rotatable: false, setWindowRect: true, takesHeapSnapshot: true, takesScreenshot: true, unexpectedAlertBehaviour: , unhandledPromptBehavior: , version: 64.0.3282.186, webStorageEnabled: true}
Session ID: ae4a1167311873e3427f2414ec767089
	at sun.reflect.NativeConstructorAccessorImpl.newInstance0(Native Method)
	at sun.reflect.NativeConstructorAccessorImpl.newInstance(Unknown Source)
	at sun.reflect.DelegatingConstructorAccessorImpl.newInstance(Unknown Source)
	at java.lang.reflect.Constructor.newInstance(Unknown Source)
	at org.openqa.selenium.remote.ErrorHandler.createThrowable(ErrorHandler.java:214)
	at org.openqa.selenium.remote.ErrorHandler.throwIfResponseFailed(ErrorHandler.java:166)
	at org.openqa.selenium.remote.http.JsonHttpResponseCodec.reconstructValue(JsonHttpResponseCodec.java:40)
	at org.openqa.selenium.remote.http.AbstractHttpResponseCodec.decode(AbstractHttpResponseCodec.java:80)
	at org.openqa.selenium.remote.http.AbstractHttpResponseCodec.decode(AbstractHttpResponseCodec.java:44)
	at org.openqa.selenium.remote.HttpCommandExecutor.execute(HttpCommandExecutor.java:160)
	at org.openqa.selenium.remote.service.DriverCommandExecutor.execute(DriverCommandExecutor.java:83)
	at org.openqa.selenium.remote.RemoteWebDriver.execute(RemoteWebDriver.java:601)
	at org.openqa.selenium.remote.RemoteWebElement.execute(RemoteWebElement.java:279)
	at org.openqa.selenium.remote.RemoteWebElement.click(RemoteWebElement.java:83)
	at sun.reflect.NativeMethodAccessorImpl.invoke0(Native Method)
	at sun.reflect.NativeMethodAccessorImpl.invoke(Unknown Source)
	at sun.reflect.DelegatingMethodAccessorImpl.invoke(Unknown Source)
	at java.lang.reflect.Method.invoke(Unknown Source)
	at org.openqa.selenium.support.pagefactory.internal.LocatingElementHandler.invoke(LocatingElementHandler.java:51)
	at com.sun.proxy.$Proxy16.click(Unknown Source)
	at com.sony.framework.page.actions.ActionsCommon.click(ActionsCommon.java:18)
	at com.sony.framework.page.actions.SearchResultPageActions.narrowDown(SearchResultPageActions.java:67)
	at com.sony.test.stepDefinitions.SearchResultPageSteps.i_click_filters(SearchResultPageSteps.java:66)
	at âœ½.I should see filters working properly by clicking on them(src/test/resources/features/SearchResultPageSearch.feature:35)
]]>
    </error>
  </testcase> <!-- runScenario -->
  <testcase name="runScenario" time="12.854" classname="com.sony.test.runner.TestRunner"/>
</testsuite> <!-- com.sony.test.runner.TestRunner -->
